# Incident: Database Outage Detection and Diagnosis
# Date: 2026-04-13

=== 1. BASELINE: Healthy system ===
HTTP 200 (0.004917s)

=== 2. FAILURE INJECTED: Stop sensor-db ===
a4-sensor-db-1

=== 3. DETECTION: Immediate client impact ===
{"detail":"Failed to retrieve sensor"}
HTTP 500 (0.094771s)

{"detail":"Failed to retrieve sensor"}
HTTP 500 (0.005827s)

{"detail":"Failed to retrieve sensor"}
HTTP 500 (0.005986s)

=== 4. TRIAGE: Health endpoint still responds ===
{"status":"ok","service":"go"}
HTTP 200

=== 5. DIAGNOSIS: Service logs show DB connection failure ===
go-service-1  | 2026/04/13 15:25:46 INFO Request completed correlation_id=9a6c9938-00a5-49ef-ba14-eb7d10698f9a method=GET path=/sensors/sensor-001 status=200 duration_ms=0
go-service-1  | 2026/04/13 15:25:46 INFO Request completed correlation_id=782ffbb3-2c6a-45ec-8abf-155936bec6d7 method=GET path=/sensors/sensor-001 status=500 duration_ms=90
go-service-1  | 2026/04/13 15:25:46 INFO Request completed correlation_id=ac4e2ffa-3b15-4345-af25-c96b39ce827c method=GET path=/sensors/sensor-001 status=500 duration_ms=3
go-service-1  | 2026/04/13 15:25:46 INFO Request completed correlation_id=8630097e-e4f9-4042-86dd-58e520dd23ca method=GET path=/sensors/sensor-001 status=500 duration_ms=3

=== 6. IMPACT: Sensor update + async pipeline ===
{"detail":"Service temporarily unavailable"}
HTTP 503

=== 7. METRICS: Alert service metrics during outage ===
# HELP events_received_total Total sensor.updated events consumed from RabbitMQ.
# TYPE events_received_total counter
events_received_total 1

# HELP events_processed_total Total events that completed evaluation.
# TYPE events_processed_total counter
events_processed_total 1

# HELP alerts_triggered_total Total alerts triggered by threshold crossings.
# TYPE alerts_triggered_total counter
alerts_triggered_total 2

# HELP event_processing_avg_microseconds Average event processing duration in microseconds.
# TYPE event_processing_avg_microseconds gauge
event_processing_avg_microseconds 32002.0

# HELP pipeline_info Pipeline configuration.
# TYPE pipeline_info gauge
pipeline_info{mode="blocking",worker_count="4"} 1

=== 8. RECOVERY: Restart sensor-db ===
a4-sensor-db-1
Waiting for Postgres to become healthy...

=== 9. VERIFICATION: Requests succeed after recovery ===
{"id":"sensor-001","name":"Living Room Thermostat","type":"temperature","location":"living_room","value":95,"unit":"fahrenheit","status":"active","last_reading":"2026-04-13T15:23:41Z","created_at":"2026-04-13T04:38:36Z","updated_at":"2026-04-13T15:23:41Z"}
HTTP 200 (0.010865s)

{"id":"sensor-001","name":"Living Room Thermostat","type":"temperature","location":"living_room","value":95,"unit":"fahrenheit","status":"active","last_reading":"2026-04-13T15:23:41Z","created_at":"2026-04-13T04:38:36Z","updated_at":"2026-04-13T15:23:41Z"}
HTTP 200 (0.003544s)

{"id":"sensor-001","name":"Living Room Thermostat","type":"temperature","location":"living_room","value":95,"unit":"fahrenheit","status":"active","last_reading":"2026-04-13T15:23:41Z","created_at":"2026-04-13T04:38:36Z","updated_at":"2026-04-13T15:23:41Z"}
HTTP 200 (0.003459s)

=== 10. CONFIRMATION: Data persisted through outage ===
{
    "id": "sensor-001",
    "name": "Living Room Thermostat",
    "type": "temperature",
    "location": "living_room",
    "value": 95,
    "unit": "fahrenheit",
    "status": "active",
    "last_reading": "2026-04-13T15:23:41Z",
    "created_at": "2026-04-13T04:38:36Z",
    "updated_at": "2026-04-13T15:23:41Z"
}

=== 11. POST-INCIDENT: Service logs showing reconnection ===
go-service-1  | 2026/04/13 15:25:46 INFO Request completed correlation_id=9a6c9938-00a5-49ef-ba14-eb7d10698f9a method=GET path=/sensors/sensor-001 status=200 duration_ms=0
go-service-1  | 2026/04/13 15:25:46 INFO Request completed correlation_id=782ffbb3-2c6a-45ec-8abf-155936bec6d7 method=GET path=/sensors/sensor-001 status=500 duration_ms=90
go-service-1  | 2026/04/13 15:25:46 INFO Request completed correlation_id=ac4e2ffa-3b15-4345-af25-c96b39ce827c method=GET path=/sensors/sensor-001 status=500 duration_ms=3
go-service-1  | 2026/04/13 15:25:46 INFO Request completed correlation_id=8630097e-e4f9-4042-86dd-58e520dd23ca method=GET path=/sensors/sensor-001 status=500 duration_ms=3
go-service-1  | 2026/04/13 15:25:46 ERROR Failed to update sensor error="dial tcp: lookup sensor-db on 127.0.0.11:53: no such host" sensor_id=sensor-001
go-service-1  | 2026/04/13 15:25:46 INFO Request completed correlation_id=e58517c3-fd5f-4f14-bc74-e09ead084bbc method=PUT path=/sensors/sensor-001 status=503 duration_ms=3
go-service-1  | 2026/04/13 15:26:15 INFO Request completed correlation_id=3ee7c93d-108d-40ad-8f54-f395db7e9e22 method=GET path=/sensors/sensor-001 status=200 duration_ms=7
go-service-1  | 2026/04/13 15:26:15 INFO Request completed correlation_id=fe9a3d19-d13a-404f-9c64-fe8fb0ac8aa5 method=GET path=/sensors/sensor-001 status=200 duration_ms=0
go-service-1  | 2026/04/13 15:26:15 INFO Request completed correlation_id=15cdd2bd-bd10-4fd4-aaed-e7c3e13c33c9 method=GET path=/sensors/sensor-001 status=200 duration_ms=0
go-service-1  | 2026/04/13 15:26:15 INFO Request completed correlation_id=f13abea7-c3d5-4f62-9044-ca9759883312 method=GET path=/sensors/sensor-001 status=200 duration_ms=0
